
*** Running vivado
    with args -log tmSe_leader.vds -m64 -product Vivado -mode batch -messageDb vivado.pb -notrace -source tmSe_leader.tcl


****** Vivado v2023.1 (64-bit)
  **** SW Build 3865809 on Sun May  7 15:04:56 MDT 2023
  **** IP Build 3864474 on Sun May  7 20:36:21 MDT 2023
  **** SharedData Build 3865790 on Sun May 07 13:33:03 MDT 2023
    ** Copyright 1986-2022 Xilinx, Inc. All Rights Reserved.
    ** Copyright 2022-2023 Advanced Micro Devices, Inc. All Rights Reserved.

source tmSe_leader.tcl -notrace
create_project: Time (s): cpu = 00:00:09 ; elapsed = 00:00:09 . Memory (MB): peak = 1544.941 ; gain = 0.023 ; free physical = 171 ; free virtual = 10597
Command: read_checkpoint -auto_incremental -incremental /home/damic/HDD/TopmetalSe_Sequencer/TopmetalSe_Sequencer.srcs/utils_1/imports/synth_1/tmSe_leader.dcp
INFO: [Vivado 12-5825] Read reference checkpoint from /home/damic/HDD/TopmetalSe_Sequencer/TopmetalSe_Sequencer.srcs/utils_1/imports/synth_1/tmSe_leader.dcp for incremental synthesis
INFO: [Vivado 12-7989] Please ensure there are no constraint changes
Command: synth_design -top tmSe_leader -part xc7a35tcpg236-1
Starting synth_design
Attempting to get a license for feature 'Synthesis' and/or device 'xc7a35t'
INFO: [Common 17-349] Got license for feature 'Synthesis' and/or device 'xc7a35t'
WARNING: [Vivado_Tcl 4-1809] The reference checkpoint is from an old version of Vivado; A full resynthesis flow will be run
INFO: [Device 21-403] Loading part xc7a35tcpg236-1
INFO: [Designutils 20-5440] No compile time benefit to using incremental synthesis; A full resynthesis will be run
INFO: [Designutils 20-4379] Flow is switching to default flow due to incremental criteria not met. If you would like to alter this behaviour and have the flow terminate instead, please set the following parameter config_implementation {autoIncr.Synth.RejectBehavior Terminate}
INFO: [Synth 8-7079] Multithreading enabled for synth_design using a maximum of 4 processes.
INFO: [Synth 8-7078] Launching helper process for spawning children vivado processes
INFO: [Synth 8-7075] Helper process launched with PID 47017
---------------------------------------------------------------------------------
Starting RTL Elaboration : Time (s): cpu = 00:00:05 ; elapsed = 00:00:06 . Memory (MB): peak = 2207.875 ; gain = 380.770 ; free physical = 170 ; free virtual = 9700
---------------------------------------------------------------------------------
INFO: [Synth 8-638] synthesizing module 'tmSe_leader' [/home/damic/HDD/TopmetalSe_Sequencer/TopmetalSe_Sequencer.srcs/sources_1/new/tmSe_leader.vhd:73]
INFO: [Synth 8-3491] module 'clock_sequencer' declared at '/home/damic/HDD/TopmetalSe_Sequencer/TopmetalSe_Sequencer.srcs/sources_1/new/clock_sequencer.vhd:34' bound to instance 'CLK_SEQ' of component 'clock_sequencer' [/home/damic/HDD/TopmetalSe_Sequencer/TopmetalSe_Sequencer.srcs/sources_1/new/tmSe_leader.vhd:160]
INFO: [Synth 8-638] synthesizing module 'clock_sequencer' [/home/damic/HDD/TopmetalSe_Sequencer/TopmetalSe_Sequencer.srcs/sources_1/new/clock_sequencer.vhd:60]
WARNING: [Synth 8-614] signal 'ENABLE' is read in the process but is not in the sensitivity list [/home/damic/HDD/TopmetalSe_Sequencer/TopmetalSe_Sequencer.srcs/sources_1/new/clock_sequencer.vhd:86]
INFO: [Synth 8-256] done synthesizing module 'clock_sequencer' (0#1) [/home/damic/HDD/TopmetalSe_Sequencer/TopmetalSe_Sequencer.srcs/sources_1/new/clock_sequencer.vhd:60]
INFO: [Synth 8-3491] module 'uart_rx' declared at '/home/damic/HDD/TopmetalSe_Sequencer/TopmetalSe_Sequencer.srcs/sources_1/new/uart_rx.vhd:13' bound to instance 'UART_RX_USB' of component 'uart_rx' [/home/damic/HDD/TopmetalSe_Sequencer/TopmetalSe_Sequencer.srcs/sources_1/new/tmSe_leader.vhd:176]
INFO: [Synth 8-638] synthesizing module 'uart_rx' [/home/damic/HDD/TopmetalSe_Sequencer/TopmetalSe_Sequencer.srcs/sources_1/new/uart_rx.vhd:23]
INFO: [Synth 8-256] done synthesizing module 'uart_rx' (0#1) [/home/damic/HDD/TopmetalSe_Sequencer/TopmetalSe_Sequencer.srcs/sources_1/new/uart_rx.vhd:23]
INFO: [Synth 8-3491] module 'DAC_SPI' declared at '/home/damic/HDD/TopmetalSe_Sequencer/TopmetalSe_Sequencer.srcs/sources_1/new/DAC_SPI.vhd:32' bound to instance 'SPI_WX_DAC' of component 'DAC_SPI' [/home/damic/HDD/TopmetalSe_Sequencer/TopmetalSe_Sequencer.srcs/sources_1/new/tmSe_leader.vhd:184]
INFO: [Synth 8-638] synthesizing module 'DAC_SPI' [/home/damic/HDD/TopmetalSe_Sequencer/TopmetalSe_Sequencer.srcs/sources_1/new/DAC_SPI.vhd:47]
INFO: [Synth 8-256] done synthesizing module 'DAC_SPI' (0#1) [/home/damic/HDD/TopmetalSe_Sequencer/TopmetalSe_Sequencer.srcs/sources_1/new/DAC_SPI.vhd:47]
INFO: [Synth 8-256] done synthesizing module 'tmSe_leader' (0#1) [/home/damic/HDD/TopmetalSe_Sequencer/TopmetalSe_Sequencer.srcs/sources_1/new/tmSe_leader.vhd:73]
---------------------------------------------------------------------------------
Finished RTL Elaboration : Time (s): cpu = 00:00:07 ; elapsed = 00:00:08 . Memory (MB): peak = 2273.844 ; gain = 446.738 ; free physical = 173 ; free virtual = 9612
---------------------------------------------------------------------------------
---------------------------------------------------------------------------------
Start Handling Custom Attributes
---------------------------------------------------------------------------------
---------------------------------------------------------------------------------
Finished Handling Custom Attributes : Time (s): cpu = 00:00:07 ; elapsed = 00:00:08 . Memory (MB): peak = 2291.656 ; gain = 464.551 ; free physical = 171 ; free virtual = 9610
---------------------------------------------------------------------------------
---------------------------------------------------------------------------------
Finished RTL Optimization Phase 1 : Time (s): cpu = 00:00:07 ; elapsed = 00:00:08 . Memory (MB): peak = 2291.656 ; gain = 464.551 ; free physical = 171 ; free virtual = 9610
---------------------------------------------------------------------------------
Netlist sorting complete. Time (s): cpu = 00:00:00.01 ; elapsed = 00:00:00.01 . Memory (MB): peak = 2291.656 ; gain = 0.000 ; free physical = 171 ; free virtual = 9610
INFO: [Project 1-570] Preparing netlist for logic optimization

Processing XDC Constraints
Initializing timing engine
Parsing XDC File [/home/damic/HDD/TopmetalSe_Sequencer/TopmetalSe_Sequencer.srcs/constrs_1/imports/new/topmetal-fpga-constraints.xdc]
WARNING: [Vivado 12-507] No nets matched 'RESET_IBUF'. [/home/damic/HDD/TopmetalSe_Sequencer/TopmetalSe_Sequencer.srcs/constrs_1/imports/new/topmetal-fpga-constraints.xdc:12]
CRITICAL WARNING: [Common 17-55] 'set_property' expects at least one object. [/home/damic/HDD/TopmetalSe_Sequencer/TopmetalSe_Sequencer.srcs/constrs_1/imports/new/topmetal-fpga-constraints.xdc:12]
Resolution: If [get_<value>] was used to populate the object, check to make sure this command returns at least one valid object.
WARNING: [Vivado 12-507] No nets matched 'EXTERN_CLK_IBUF'. [/home/damic/HDD/TopmetalSe_Sequencer/TopmetalSe_Sequencer.srcs/constrs_1/imports/new/topmetal-fpga-constraints.xdc:13]
CRITICAL WARNING: [Common 17-55] 'set_property' expects at least one object. [/home/damic/HDD/TopmetalSe_Sequencer/TopmetalSe_Sequencer.srcs/constrs_1/imports/new/topmetal-fpga-constraints.xdc:13]
Resolution: If [get_<value>] was used to populate the object, check to make sure this command returns at least one valid object.
WARNING: [Vivado 12-507] No nets matched 'LA_COL_CLK_OBUF'. [/home/damic/HDD/TopmetalSe_Sequencer/TopmetalSe_Sequencer.srcs/constrs_1/imports/new/topmetal-fpga-constraints.xdc:14]
CRITICAL WARNING: [Common 17-55] 'set_property' expects at least one object. [/home/damic/HDD/TopmetalSe_Sequencer/TopmetalSe_Sequencer.srcs/constrs_1/imports/new/topmetal-fpga-constraints.xdc:14]
Resolution: If [get_<value>] was used to populate the object, check to make sure this command returns at least one valid object.
WARNING: [Vivado 12-507] No nets matched 'LA_ROW_CLK_OBUF'. [/home/damic/HDD/TopmetalSe_Sequencer/TopmetalSe_Sequencer.srcs/constrs_1/imports/new/topmetal-fpga-constraints.xdc:15]
CRITICAL WARNING: [Common 17-55] 'set_property' expects at least one object. [/home/damic/HDD/TopmetalSe_Sequencer/TopmetalSe_Sequencer.srcs/constrs_1/imports/new/topmetal-fpga-constraints.xdc:15]
Resolution: If [get_<value>] was used to populate the object, check to make sure this command returns at least one valid object.
WARNING: [Vivado 12-584] No ports matched 'xclk'. [/home/damic/HDD/TopmetalSe_Sequencer/TopmetalSe_Sequencer.srcs/constrs_1/imports/new/topmetal-fpga-constraints.xdc:210]
CRITICAL WARNING: [Common 17-55] 'set_property' expects at least one object. [/home/damic/HDD/TopmetalSe_Sequencer/TopmetalSe_Sequencer.srcs/constrs_1/imports/new/topmetal-fpga-constraints.xdc:210]
Resolution: If [get_<value>] was used to populate the object, check to make sure this command returns at least one valid object.
WARNING: [Vivado 12-584] No ports matched 'xclk'. [/home/damic/HDD/TopmetalSe_Sequencer/TopmetalSe_Sequencer.srcs/constrs_1/imports/new/topmetal-fpga-constraints.xdc:211]
CRITICAL WARNING: [Common 17-55] 'set_property' expects at least one object. [/home/damic/HDD/TopmetalSe_Sequencer/TopmetalSe_Sequencer.srcs/constrs_1/imports/new/topmetal-fpga-constraints.xdc:211]
Resolution: If [get_<value>] was used to populate the object, check to make sure this command returns at least one valid object.
Finished Parsing XDC File [/home/damic/HDD/TopmetalSe_Sequencer/TopmetalSe_Sequencer.srcs/constrs_1/imports/new/topmetal-fpga-constraints.xdc]
INFO: [Project 1-236] Implementation specific constraints were found while reading constraint file [/home/damic/HDD/TopmetalSe_Sequencer/TopmetalSe_Sequencer.srcs/constrs_1/imports/new/topmetal-fpga-constraints.xdc]. These constraints will be ignored for synthesis but will be used in implementation. Impacted constraints are listed in the file [.Xil/tmSe_leader_propImpl.xdc].
Resolution: To avoid this warning, move constraints listed in [.Xil/tmSe_leader_propImpl.xdc] to another XDC file and exclude this new file from synthesis with the used_in_synthesis property (File Properties dialog in GUI) and re-run elaboration/synthesis.
Completed Processing XDC Constraints

Netlist sorting complete. Time (s): cpu = 00:00:00 ; elapsed = 00:00:00 . Memory (MB): peak = 2408.391 ; gain = 0.000 ; free physical = 174 ; free virtual = 9601
INFO: [Project 1-111] Unisim Transformation Summary:
No Unisim elements were transformed.

Constraint Validation Runtime : Time (s): cpu = 00:00:00 ; elapsed = 00:00:00 . Memory (MB): peak = 2408.391 ; gain = 0.000 ; free physical = 174 ; free virtual = 9601
INFO: [Designutils 20-5440] No compile time benefit to using incremental synthesis; A full resynthesis will be run
INFO: [Designutils 20-4379] Flow is switching to default flow due to incremental criteria not met. If you would like to alter this behaviour and have the flow terminate instead, please set the following parameter config_implementation {autoIncr.Synth.RejectBehavior Terminate}
---------------------------------------------------------------------------------
Finished Constraint Validation : Time (s): cpu = 00:00:14 ; elapsed = 00:00:16 . Memory (MB): peak = 2408.391 ; gain = 581.285 ; free physical = 176 ; free virtual = 9602
---------------------------------------------------------------------------------
---------------------------------------------------------------------------------
Start Loading Part and Timing Information
---------------------------------------------------------------------------------
Loading part: xc7a35tcpg236-1
---------------------------------------------------------------------------------
Finished Loading Part and Timing Information : Time (s): cpu = 00:00:14 ; elapsed = 00:00:16 . Memory (MB): peak = 2408.391 ; gain = 581.285 ; free physical = 176 ; free virtual = 9602
---------------------------------------------------------------------------------
---------------------------------------------------------------------------------
Start Applying 'set_property' XDC Constraints
---------------------------------------------------------------------------------
---------------------------------------------------------------------------------
Finished applying 'set_property' XDC Constraints : Time (s): cpu = 00:00:14 ; elapsed = 00:00:16 . Memory (MB): peak = 2408.391 ; gain = 581.285 ; free physical = 176 ; free virtual = 9602
---------------------------------------------------------------------------------
INFO: [Synth 8-802] inferred FSM for state register 'driveState_reg' in module 'clock_sequencer'
INFO: [Synth 8-802] inferred FSM for state register 'rxstate_reg' in module 'DAC_SPI'
INFO: [Synth 8-802] inferred FSM for state register 'txstate_reg' in module 'DAC_SPI'
INFO: [Synth 8-802] inferred FSM for state register 'bridgeState_reg' in module 'tmSe_leader'
---------------------------------------------------------------------------------------------------
                   State |                     New Encoding |                Previous Encoding 
---------------------------------------------------------------------------------------------------
                      s0 |                            00001 |                              000
                      s1 |                            00010 |                              001
                      s2 |                            00100 |                              010
               col_shift |                            01000 |                              011
               row_shift |                            10000 |                              100
---------------------------------------------------------------------------------------------------
INFO: [Synth 8-3354] encoded FSM with state register 'driveState_reg' using encoding 'one-hot' in module 'clock_sequencer'
---------------------------------------------------------------------------------------------------
                   State |                     New Encoding |                Previous Encoding 
---------------------------------------------------------------------------------------------------
                    idle |                              001 |                               00
                   rx_in |                              010 |                               01
                 rx_wait |                              100 |                               10
---------------------------------------------------------------------------------------------------
INFO: [Synth 8-3354] encoded FSM with state register 'rxstate_reg' using encoding 'one-hot' in module 'DAC_SPI'
---------------------------------------------------------------------------------------------------
                   State |                     New Encoding |                Previous Encoding 
---------------------------------------------------------------------------------------------------
                    idle |                              001 |                               00
                  wx_out |                              010 |                               01
                  wx_end |                              100 |                               10
---------------------------------------------------------------------------------------------------
INFO: [Synth 8-3354] encoded FSM with state register 'txstate_reg' using encoding 'one-hot' in module 'DAC_SPI'
---------------------------------------------------------------------------------------------------
                   State |                     New Encoding |                Previous Encoding 
---------------------------------------------------------------------------------------------------
                    idle |                              000 |                              000
                 dat_in0 |                              001 |                              001
                 dat_in1 |                              010 |                              010
                 dat_in2 |                              011 |                              011
                 dat_in3 |                              100 |                              100
                    stop |                              101 |                              101
                spi_wait |                              110 |                              110
                 s_reset |                              111 |                              111
---------------------------------------------------------------------------------------------------
INFO: [Synth 8-3354] encoded FSM with state register 'bridgeState_reg' using encoding 'sequential' in module 'tmSe_leader'
---------------------------------------------------------------------------------
Finished RTL Optimization Phase 2 : Time (s): cpu = 00:00:14 ; elapsed = 00:00:16 . Memory (MB): peak = 2408.391 ; gain = 581.285 ; free physical = 175 ; free virtual = 9602
---------------------------------------------------------------------------------
---------------------------------------------------------------------------------
Start RTL Component Statistics 
---------------------------------------------------------------------------------
Detailed RTL Component Info : 
+---Adders : 
	   2 Input   32 Bit       Adders := 3     
	   2 Input   14 Bit       Adders := 1     
	   2 Input    8 Bit       Adders := 1     
	   2 Input    7 Bit       Adders := 1     
	   2 Input    3 Bit       Adders := 1     
+---Registers : 
	               32 Bit    Registers := 6     
	               16 Bit    Registers := 1     
	               14 Bit    Registers := 1     
	                8 Bit    Registers := 3     
	                4 Bit    Registers := 1     
	                3 Bit    Registers := 5     
	                2 Bit    Registers := 1     
	                1 Bit    Registers := 10    
+---Muxes : 
	   3 Input   32 Bit        Muxes := 1     
	   8 Input   32 Bit        Muxes := 3     
	   2 Input   16 Bit        Muxes := 1     
	   2 Input   14 Bit        Muxes := 2     
	   6 Input   14 Bit        Muxes := 1     
	   2 Input    8 Bit        Muxes := 1     
	   5 Input    8 Bit        Muxes := 2     
	   6 Input    8 Bit        Muxes := 1     
	   2 Input    7 Bit        Muxes := 1     
	   5 Input    5 Bit        Muxes := 1     
	   6 Input    4 Bit        Muxes := 1     
	   2 Input    3 Bit        Muxes := 1     
	   8 Input    3 Bit        Muxes := 1     
	   4 Input    3 Bit        Muxes := 1     
	   2 Input    2 Bit        Muxes := 3     
	   8 Input    2 Bit        Muxes := 1     
	   5 Input    1 Bit        Muxes := 7     
	   6 Input    1 Bit        Muxes := 3     
	   3 Input    1 Bit        Muxes := 6     
	   8 Input    1 Bit        Muxes := 5     
---------------------------------------------------------------------------------
Finished RTL Component Statistics 
---------------------------------------------------------------------------------
---------------------------------------------------------------------------------
Start Part Resource Summary
---------------------------------------------------------------------------------
Part Resources:
DSPs: 90 (col length:60)
BRAMs: 100 (col length: RAMB18 60 RAMB36 30)
---------------------------------------------------------------------------------
Finished Part Resource Summary
---------------------------------------------------------------------------------
---------------------------------------------------------------------------------
Start Cross Boundary and Area Optimization
---------------------------------------------------------------------------------
WARNING: [Synth 8-7080] Parallel synthesis criteria is not met
---------------------------------------------------------------------------------
Finished Cross Boundary and Area Optimization : Time (s): cpu = 00:00:17 ; elapsed = 00:00:19 . Memory (MB): peak = 2408.391 ; gain = 581.285 ; free physical = 151 ; free virtual = 9584
---------------------------------------------------------------------------------
---------------------------------------------------------------------------------
Start Applying XDC Timing Constraints
---------------------------------------------------------------------------------
---------------------------------------------------------------------------------
Finished Applying XDC Timing Constraints : Time (s): cpu = 00:00:22 ; elapsed = 00:00:24 . Memory (MB): peak = 2408.391 ; gain = 581.285 ; free physical = 156 ; free virtual = 9577
---------------------------------------------------------------------------------
---------------------------------------------------------------------------------
Start Timing Optimization
---------------------------------------------------------------------------------
---------------------------------------------------------------------------------
Finished Timing Optimization : Time (s): cpu = 00:00:22 ; elapsed = 00:00:25 . Memory (MB): peak = 2408.391 ; gain = 581.285 ; free physical = 156 ; free virtual = 9577
---------------------------------------------------------------------------------
---------------------------------------------------------------------------------
Start Technology Mapping
---------------------------------------------------------------------------------
---------------------------------------------------------------------------------
Finished Technology Mapping : Time (s): cpu = 00:00:23 ; elapsed = 00:00:25 . Memory (MB): peak = 2408.391 ; gain = 581.285 ; free physical = 156 ; free virtual = 9577
---------------------------------------------------------------------------------
---------------------------------------------------------------------------------
Start IO Insertion
---------------------------------------------------------------------------------
---------------------------------------------------------------------------------
Start Flattening Before IO Insertion
---------------------------------------------------------------------------------
---------------------------------------------------------------------------------
Finished Flattening Before IO Insertion
---------------------------------------------------------------------------------
---------------------------------------------------------------------------------
Start Final Netlist Cleanup
---------------------------------------------------------------------------------
---------------------------------------------------------------------------------
Finished Final Netlist Cleanup
---------------------------------------------------------------------------------
---------------------------------------------------------------------------------
Finished IO Insertion : Time (s): cpu = 00:00:27 ; elapsed = 00:00:29 . Memory (MB): peak = 2408.391 ; gain = 581.285 ; free physical = 160 ; free virtual = 9581
---------------------------------------------------------------------------------
---------------------------------------------------------------------------------
Start Renaming Generated Instances
---------------------------------------------------------------------------------
---------------------------------------------------------------------------------
Finished Renaming Generated Instances : Time (s): cpu = 00:00:27 ; elapsed = 00:00:29 . Memory (MB): peak = 2408.391 ; gain = 581.285 ; free physical = 160 ; free virtual = 9581
---------------------------------------------------------------------------------
---------------------------------------------------------------------------------
Start Rebuilding User Hierarchy
---------------------------------------------------------------------------------
---------------------------------------------------------------------------------
Finished Rebuilding User Hierarchy : Time (s): cpu = 00:00:27 ; elapsed = 00:00:29 . Memory (MB): peak = 2408.391 ; gain = 581.285 ; free physical = 160 ; free virtual = 9581
---------------------------------------------------------------------------------
---------------------------------------------------------------------------------
Start Renaming Generated Ports
---------------------------------------------------------------------------------
---------------------------------------------------------------------------------
Finished Renaming Generated Ports : Time (s): cpu = 00:00:27 ; elapsed = 00:00:29 . Memory (MB): peak = 2408.391 ; gain = 581.285 ; free physical = 160 ; free virtual = 9581
---------------------------------------------------------------------------------
---------------------------------------------------------------------------------
Start Handling Custom Attributes
---------------------------------------------------------------------------------
---------------------------------------------------------------------------------
Finished Handling Custom Attributes : Time (s): cpu = 00:00:27 ; elapsed = 00:00:29 . Memory (MB): peak = 2408.391 ; gain = 581.285 ; free physical = 160 ; free virtual = 9581
---------------------------------------------------------------------------------
---------------------------------------------------------------------------------
Start Renaming Generated Nets
---------------------------------------------------------------------------------
---------------------------------------------------------------------------------
Finished Renaming Generated Nets : Time (s): cpu = 00:00:27 ; elapsed = 00:00:29 . Memory (MB): peak = 2408.391 ; gain = 581.285 ; free physical = 160 ; free virtual = 9581
---------------------------------------------------------------------------------
---------------------------------------------------------------------------------
Start Writing Synthesis Report
---------------------------------------------------------------------------------

Report BlackBoxes: 
+-+--------------+----------+
| |BlackBox name |Instances |
+-+--------------+----------+
+-+--------------+----------+

Report Cell Usage: 
+------+-------+------+
|      |Cell   |Count |
+------+-------+------+
|1     |BUFG   |     4|
|2     |CARRY4 |    28|
|3     |LUT1   |    63|
|4     |LUT2   |    86|
|5     |LUT3   |    37|
|6     |LUT4   |    30|
|7     |LUT5   |    17|
|8     |LUT6   |    70|
|9     |MUXF7  |     4|
|10    |MUXF8  |     1|
|11    |FDCE   |   138|
|12    |FDPE   |    12|
|13    |FDRE   |   131|
|14    |FDSE   |     8|
|15    |IBUF   |    11|
|16    |OBUF   |    33|
+------+-------+------+
---------------------------------------------------------------------------------
Finished Writing Synthesis Report : Time (s): cpu = 00:00:27 ; elapsed = 00:00:29 . Memory (MB): peak = 2408.391 ; gain = 581.285 ; free physical = 160 ; free virtual = 9581
---------------------------------------------------------------------------------
Synthesis finished with 0 errors, 0 critical warnings and 1 warnings.
Synthesis Optimization Runtime : Time (s): cpu = 00:00:25 ; elapsed = 00:00:26 . Memory (MB): peak = 2408.391 ; gain = 464.551 ; free physical = 159 ; free virtual = 9580
Synthesis Optimization Complete : Time (s): cpu = 00:00:27 ; elapsed = 00:00:29 . Memory (MB): peak = 2408.398 ; gain = 581.285 ; free physical = 159 ; free virtual = 9580
INFO: [Project 1-571] Translating synthesized netlist
Netlist sorting complete. Time (s): cpu = 00:00:00.01 ; elapsed = 00:00:00 . Memory (MB): peak = 2408.398 ; gain = 0.000 ; free physical = 159 ; free virtual = 9581
INFO: [Netlist 29-17] Analyzing 33 Unisim elements for replacement
INFO: [Netlist 29-28] Unisim Transformation completed in 0 CPU seconds
INFO: [Project 1-570] Preparing netlist for logic optimization
INFO: [Opt 31-138] Pushed 0 inverter(s) to 0 load pin(s).
Netlist sorting complete. Time (s): cpu = 00:00:00 ; elapsed = 00:00:00 . Memory (MB): peak = 2408.398 ; gain = 0.000 ; free physical = 445 ; free virtual = 9869
INFO: [Project 1-111] Unisim Transformation Summary:
No Unisim elements were transformed.

Synth Design complete | Checksum: 3088943
INFO: [Common 17-83] Releasing license: Synthesis
40 Infos, 9 Warnings, 6 Critical Warnings and 0 Errors encountered.
synth_design completed successfully
synth_design: Time (s): cpu = 00:00:34 ; elapsed = 00:00:35 . Memory (MB): peak = 2408.398 ; gain = 863.457 ; free physical = 445 ; free virtual = 9869
INFO: [Common 17-2834] synth_design peak Physical Memory [PSS] (MB): overall = 1766.545; main = 1456.349; forked = 363.254
INFO: [Common 17-2834] synth_design peak Virtual Memory [VSS] (MB): overall = 3997.891; main = 2408.395; forked = 1589.496
INFO: [runtcl-6] Synthesis results are not added to the cache due to CRITICAL_WARNING
INFO: [Common 17-1381] The checkpoint '/home/damic/HDD/TopmetalSe_Sequencer/TopmetalSe_Sequencer.runs/synth_1/tmSe_leader.dcp' has been generated.
INFO: [runtcl-4] Executing : report_utilization -file tmSe_leader_utilization_synth.rpt -pb tmSe_leader_utilization_synth.pb
INFO: [Common 17-206] Exiting Vivado at Wed Jul 19 17:45:08 2023...
